07:40:11:736 [11532] | INFO  | Initializing crosire's ReShade version '6.5.1.2008' (64-bit) loaded from 'C:\Users\Hiile\AppData\Roaming\Bloxshade\dxgi.dll' into 'C:\Users\Hiile\AppData\Roaming\Bloxshade\bloxshade.exe' (0x4AE6807D) ...
07:40:11:736 [11532] | INFO  | Registering hooks for 'user32.dll' ...
07:40:11:736 [11532] | INFO  | > Libraries loaded.
07:40:11:737 [11532] | INFO  | > Found 21 match(es). Installing ...
07:40:11:749 [11532] | INFO  | Registering hooks for 'C:\WINDOWS\system32\dinput.dll' ...
07:40:11:749 [11532] | INFO  | > Delayed.
07:40:11:749 [11532] | INFO  | Registering hooks for 'C:\WINDOWS\system32\dinput8.dll' ...
07:40:11:749 [11532] | INFO  | > Delayed.
07:40:11:749 [11532] | INFO  | Registering hooks for 'C:\WINDOWS\system32\d2d1.dll' ...
07:40:11:749 [11532] | INFO  | > Delayed.
07:40:11:749 [11532] | INFO  | Registering hooks for 'C:\WINDOWS\system32\d3d9.dll' ...
07:40:11:749 [11532] | INFO  | > Delayed.
07:40:11:750 [11532] | INFO  | Registering hooks for 'C:\WINDOWS\system32\d3d10.dll' ...
07:40:11:750 [11532] | INFO  | > Delayed.
07:40:11:750 [11532] | INFO  | Registering hooks for 'C:\WINDOWS\system32\d3d10_1.dll' ...
07:40:11:750 [11532] | INFO  | > Delayed.
07:40:11:750 [11532] | INFO  | Registering hooks for 'C:\WINDOWS\system32\d3d11.dll' ...
07:40:11:750 [11532] | INFO  | > Libraries loaded.
07:40:11:750 [11532] | INFO  | > Found 3 match(es). Installing ...
07:40:11:762 [11532] | INFO  | Registering hooks for 'C:\WINDOWS\system32\d3d12.dll' ...
07:40:11:762 [11532] | INFO  | > Delayed.
07:40:11:762 [11532] | INFO  | Registering hooks for 'C:\WINDOWS\system32\dxgi.dll' ...
07:40:11:762 [11532] | INFO  | > Delayed until first call to an exported function.
07:40:11:762 [11532] | INFO  | Registering hooks for 'openvr_api.dll' ...
07:40:11:762 [11532] | INFO  | > Delayed.
07:40:11:762 [11532] | INFO  | Initialized.
07:40:12:786 [11532] | INFO  | Redirecting RegisterClassExW(lpWndClassEx = 000000AB01F9EFC0 { "Bloxshade", style = 0x3 }) ...
07:40:12:786 [11532] | INFO  | > Adding 'CS_OWNDC' window class style flag to "Bloxshade".
07:40:12:807 [11532] | INFO  | Redirecting D3D11CreateDeviceAndSwapChain(pAdapter = 0000000000000000, DriverType = 1, Software = 0000000000000000, Flags = 0, pFeatureLevels = 00007FF787609848, FeatureLevels = 2, SDKVersion = 7, pSwapChainDesc = 000000AB01F9EF70, ppSwapChain = 00007FF7876AFF90, ppDevice = 00007FF7876AFF70, pFeatureLevel = 0000000000000000, ppImmediateContext = 00007FF7876AFFD0) ...
07:40:12:807 [11532] | INFO  | Searching for add-ons (*.addon, *.addon64) in 'C:\Users\Hiile\AppData\Roaming\Bloxshade' ...
07:40:12:807 [11532] | INFO  | Loading add-on from 'C:\Users\Hiile\AppData\Roaming\Bloxshade\Bloxshade_ReShade.addon64' ...
07:40:12:808 [11532] | INFO  | Registered add-on "Bloxshade_ReShade" v0.0.0.0 using ReShade API version 16.
07:40:12:808 [11532] | INFO  | Installing export hooks for 'C:\WINDOWS\system32\dxgi.dll' ...
07:40:12:808 [11532] | INFO  | > Found 5 match(es). Installing ...
07:40:12:808 [11532] | INFO  | Redirecting CreateDXGIFactory2(Flags = 0x80000000, riid = {7B7166EC-21C7-44AE-B21A-C9AE321AE369}, ppFactory = 000000AB01F9E788) ...
07:40:12:932 [11532] | INFO  | Using feature level b000.
07:40:12:932 [11532] | INFO  | Calling IDXGIFactory::CreateSwapChain:
07:40:12:932 [11532] | INFO  | Redirecting IDXGIFactory::CreateSwapChain(this = 000002546809A3F0, pDevice = 000002546A0F6118, pDesc = 000000AB01F9EF70, ppSwapChain = 00007FF7876AFF90) ...
07:40:12:932 [11532] | INFO  | > Dumping swap chain description:
07:40:12:932 [11532] | INFO  |   +-----------------------------------------+-----------------------------------------+
07:40:12:932 [11532] | INFO  |   | Parameter                               | Value                                   |
07:40:12:933 [11532] | INFO  |   +-----------------------------------------+-----------------------------------------+
07:40:12:933 [11532] | INFO  |   | Width                                   | 1920                                    |
07:40:12:933 [11532] | INFO  |   | Height                                  | 1080                                    |
07:40:12:933 [11532] | INFO  |   | RefreshRate                             | 0                   0                   |
07:40:12:933 [11532] | INFO  |   | Format                                  | DXGI_FORMAT_R8G8B8A8_UNORM              |
07:40:12:933 [11532] | INFO  |   | ScanlineOrdering                        | 0                                       |
07:40:12:933 [11532] | INFO  |   | Scaling                                 | 0                                       |
07:40:12:933 [11532] | INFO  |   | SampleCount                             | 1                                       |
07:40:12:933 [11532] | INFO  |   | SampleQuality                           | 0                                       |
07:40:12:933 [11532] | INFO  |   | BufferUsage                             | 0x20                                    |
07:40:12:933 [11532] | INFO  |   | BufferCount                             | 2                                       |
07:40:12:933 [11532] | INFO  |   | OutputWindow                            | 00000000000305E2                        |
07:40:12:934 [11532] | INFO  |   | Windowed                                | TRUE                                    |
07:40:12:934 [11532] | INFO  |   | SwapEffect                              | 0                                       |
07:40:12:934 [11532] | INFO  |   | Flags                                   | 0                                       |
07:40:12:934 [11532] | INFO  |   +-----------------------------------------+-----------------------------------------+
07:40:12:934 [11532] | INFO  | Running on NVIDIA GeForce RTX 3060 Ti Driver 576.88.
07:40:13:189 [11532] | INFO  | Recreated runtime environment on runtime 000002546A552A80 ('C:\Users\Hiile\AppData\Roaming\Bloxshade\ReShade.ini').
07:40:13:191 [11532] | INFO  | Redirecting RegisterClassExW(lpWndClassEx = 000000AB01F9F100 { "ImGui Platform", style = 0x3 }) ...
07:40:13:191 [11532] | INFO  | > Adding 'CS_OWNDC' window class style flag to "ImGui Platform".
07:40:15:203 [11532] | INFO  | Redirecting IDXGISwapChain::ResizeBuffers(this = 000002546A302BA0, BufferCount = 0, Width = 1920, Height = 1080, NewFormat = 0, SwapChainFlags = 0) ...
07:40:15:204 [11532] | INFO  | Destroyed runtime environment on runtime 000002546A552A80 ('C:\Users\Hiile\AppData\Roaming\Bloxshade\ReShade.ini').
07:40:15:205 [11532] | INFO  | Recreated runtime environment on runtime 000002546A552A80 ('C:\Users\Hiile\AppData\Roaming\Bloxshade\ReShade.ini').
07:40:15:209 [12012] | INFO  | Successfully compiled 'C:\Users\Hiile\AppData\Roaming\Bloxshade\reshade-shaders\Shaders\ColorMatrix.fx' in 0.002000 s.
07:40:15:210 [10420] | INFO  | Successfully compiled 'C:\Users\Hiile\AppData\Roaming\Bloxshade\reshade-shaders\Shaders\Technicolor.fx' in 0.002000 s.
07:40:15:210 [11412] | INFO  | Successfully compiled 'C:\Users\Hiile\AppData\Roaming\Bloxshade\reshade-shaders\Shaders\PD80_06_Posterize_Pixelate.fx' in 0.003000 s.
07:40:15:211 [ 7568] | INFO  | Successfully compiled 'C:\Users\Hiile\AppData\Roaming\Bloxshade\reshade-shaders\Shaders\ReflectiveBumpMapping.fx' in 0.003000 s.
07:40:15:211 [11440] | INFO  | Successfully compiled 'C:\Users\Hiile\AppData\Roaming\Bloxshade\reshade-shaders\Shaders\PD80_01_Color_Gamut.fx' in 0.003000 s.
07:40:15:211 [10420] | INFO  | Successfully compiled 'C:\Users\Hiile\AppData\Roaming\Bloxshade\reshade-shaders\Shaders\Technicolor2.fx' in 0.000000 s.
07:40:15:211 [11024] | INFO  | Successfully compiled 'C:\Users\Hiile\AppData\Roaming\Bloxshade\reshade-shaders\Shaders\LightDoF.fx' in 0.004000 s.
07:40:15:211 [12012] | INFO  | Successfully compiled 'C:\Users\Hiile\AppData\Roaming\Bloxshade\reshade-shaders\Shaders\Colourfulness.fx' in 0.002000 s.
07:40:15:211 [ 6516] | INFO  | Successfully compiled 'C:\Users\Hiile\AppData\Roaming\Bloxshade\reshade-shaders\Shaders\dh_canvas.fx' in 0.004000 s.
07:40:15:213 [ 5672] | INFO  | Successfully compiled 'C:\Users\Hiile\AppData\Roaming\Bloxshade\reshade-shaders\Shaders\FXAA.fx' in 0.006000 s.
07:40:15:214 [10640] | INFO  | Successfully compiled 'C:\Users\Hiile\AppData\Roaming\Bloxshade\reshade-shaders\Shaders\3DToElse.fx' in 0.007000 s.
07:40:15:214 [ 7568] | INFO  | Successfully compiled 'C:\Users\Hiile\AppData\Roaming\Bloxshade\reshade-shaders\Shaders\Rim.fx' in 0.002000 s.
07:40:15:214 [11024] | INFO  | Successfully compiled 'C:\Users\Hiile\AppData\Roaming\Bloxshade\reshade-shaders\Shaders\Limbo_Mod.fx' in 0.003000 s.
07:40:15:214 [ 6516] | INFO  | Successfully compiled 'C:\Users\Hiile\AppData\Roaming\Bloxshade\reshade-shaders\Shaders\dh_Lain.fx' in 0.002000 s.
07:40:15:215 [12012] | INFO  | Successfully compiled 'C:\Users\Hiile\AppData\Roaming\Bloxshade\reshade-shaders\Shaders\CRT.fx' in 0.003000 s.
07:40:15:215 [ 8876] | INFO  | Successfully compiled 'C:\Users\Hiile\AppData\Roaming\Bloxshade\reshade-shaders\Shaders\PD80_04_Color_Isolation.fx' in 0.008000 s.
07:40:15:216 [ 5672] | INFO  | Successfully compiled 'C:\Users\Hiile\AppData\Roaming\Bloxshade\reshade-shaders\Shaders\GaussianBlur.fx' in 0.002000 s.
07:40:15:216 [11412] | INFO  | Successfully compiled 'C:\Users\Hiile\AppData\Roaming\Bloxshade\reshade-shaders\Shaders\Polynomial_Barrel_Distortion_for_HMDs.fx' in 0.005000 s.
07:40:15:216 [ 6516] | INFO  | Successfully compiled 'C:\Users\Hiile\AppData\Roaming\Bloxshade\reshade-shaders\Shaders\dh_pastel_bug.fx' in 0.001000 s.
07:40:15:217 [11024] | INFO  | Successfully compiled 'C:\Users\Hiile\AppData\Roaming\Bloxshade\reshade-shaders\Shaders\LumaSharpen.fx' in 0.002000 s.
07:40:15:217 [11020] | INFO  | Successfully compiled 'C:\Users\Hiile\AppData\Roaming\Bloxshade\reshade-shaders\Shaders\DOF.fx' in 0.010000 s.
07:40:15:217 [10420] | INFO  | Successfully compiled 'C:\Users\Hiile\AppData\Roaming\Bloxshade\reshade-shaders\Shaders\Temporal_AA.fx' in 0.006000 s.
07:40:15:217 [ 7568] | INFO  | Successfully compiled 'C:\Users\Hiile\AppData\Roaming\Bloxshade\reshade-shaders\Shaders\rj_sharpen.fx' in 0.002000 s.
07:40:15:218 [ 6516] | INFO  | Successfully compiled 'C:\Users\Hiile\AppData\Roaming\Bloxshade\reshade-shaders\Shaders\dh_sync.fx' in 0.001000 s.
07:40:15:218 [11020] | INFO  | Successfully compiled 'C:\Users\Hiile\AppData\Roaming\Bloxshade\reshade-shaders\Shaders\DPX.fx' in 0.001000 s.
07:40:15:219 [11440] | INFO  | Successfully compiled 'C:\Users\Hiile\AppData\Roaming\Bloxshade\reshade-shaders\Shaders\PD80_02_Bloom.fx' in 0.007000 s.
07:40:15:219 [11024] | INFO  | Successfully compiled 'C:\Users\Hiile\AppData\Roaming\Bloxshade\reshade-shaders\Shaders\LUT.fx' in 0.002000 s.
07:40:15:219 [12012] | INFO  | Successfully compiled 'C:\Users\Hiile\AppData\Roaming\Bloxshade\reshade-shaders\Shaders\Curves.fx' in 0.002000 s.
07:40:15:220 [11412] | INFO  | Successfully compiled 'C:\Users\Hiile\AppData\Roaming\Bloxshade\reshade-shaders\Shaders\PPFX_Bloom.fx' in 0.003000 s.
07:40:15:221 [12012] | INFO  | Successfully compiled 'C:\Users\Hiile\AppData\Roaming\Bloxshade\reshade-shaders\Shaders\Daltonize.fx' in 0.001000 s.
07:40:15:221 [10640] | INFO  | Successfully compiled 'C:\Users\Hiile\AppData\Roaming\Bloxshade\reshade-shaders\Shaders\AdaptiveSharpen.fx' in 0.006000 s.
07:40:15:221 [11412] | INFO  | Successfully compiled 'C:\Users\Hiile\AppData\Roaming\Bloxshade\reshade-shaders\Shaders\PPFX_Godrays.fx' in 0.001000 s.
07:40:15:221 [ 6516] | INFO  | Successfully compiled 'C:\Users\Hiile\AppData\Roaming\Bloxshade\reshade-shaders\Shaders\dh_uber_mask.fx' in 0.003000 s.
07:40:15:221 [11020] | INFO  | Successfully compiled 'C:\Users\Hiile\AppData\Roaming\Bloxshade\reshade-shaders\Shaders\DynamicRaindrops.fx' in 0.003000 s.
07:40:15:222 [ 8876] | INFO  | Successfully compiled 'C:\Users\Hiile\AppData\Roaming\Bloxshade\reshade-shaders\Shaders\PD80_04_Color_Temperature.fx' in 0.002000 s.
07:40:15:222 [11024] | INFO  | Successfully compiled 'C:\Users\Hiile\AppData\Roaming\Bloxshade\reshade-shaders\Shaders\MagicBloom.fx' in 0.003000 s.
07:40:15:223 [10420] | INFO  | Successfully compiled 'C:\Users\Hiile\AppData\Roaming\Bloxshade\reshade-shaders\Shaders\Tonemap.fx' in 0.001000 s.
07:40:15:223 [ 7568] | WARN  | Successfully compiled 'C:\Users\Hiile\AppData\Roaming\Bloxshade\reshade-shaders\Shaders\Scatter.fx' in 0.005000 s with warnings:
C:\Users\Hiile\AppData\Roaming\Bloxshade\reshade-shaders\Shaders\Scatter.fx(794, 1): error X3020: 'V__NoiseTex': cannot sample from texture that is also used as render target in the same pass

07:40:15:224 [12012] | INFO  | Successfully compiled 'C:\Users\Hiile\AppData\Roaming\Bloxshade\reshade-shaders\Shaders\Deband.fx' in 0.002000 s.
07:40:15:224 [ 5672] | INFO  | Successfully compiled 'C:\Users\Hiile\AppData\Roaming\Bloxshade\reshade-shaders\Shaders\Glamayre_Fast_Effects.fx' in 0.008000 s.
07:40:15:224 [11440] | INFO  | Successfully compiled 'C:\Users\Hiile\AppData\Roaming\Bloxshade\reshade-shaders\Shaders\PD80_02_Bonus_LUT_pack.fx' in 0.003000 s.
07:40:15:224 [11020] | INFO  | Successfully compiled 'C:\Users\Hiile\AppData\Roaming\Bloxshade\reshade-shaders\Shaders\EyeAdaption.fx' in 0.002000 s.
07:40:15:225 [ 7568] | INFO  | Successfully compiled 'C:\Users\Hiile\AppData\Roaming\Bloxshade\reshade-shaders\Shaders\Sepia.fx' in 0.001000 s.
07:40:15:225 [10420] | INFO  | Successfully compiled 'C:\Users\Hiile\AppData\Roaming\Bloxshade\reshade-shaders\Shaders\Trails.fx' in 0.002000 s.
07:40:15:225 [11412] | WARN  | Successfully compiled 'C:\Users\Hiile\AppData\Roaming\Bloxshade\reshade-shaders\Shaders\PPFX_SSDO.fx' in 0.003000 s with warnings:
warning: V__texNoise: another effect (PD80_06_Posterize_Pixelate.fx) already created a texture with the same name but different dimensions
warning: V__texNoise: another effect (PD80_06_Posterize_Pixelate.fx) already created a texture with a different image file

07:40:15:225 [12012] | INFO  | Successfully compiled 'C:\Users\Hiile\AppData\Roaming\Bloxshade\reshade-shaders\Shaders\Denoise.fx' in 0.001000 s.
07:40:15:225 [11024] | INFO  | Successfully compiled 'C:\Users\Hiile\AppData\Roaming\Bloxshade\reshade-shaders\Shaders\Monochrome.fx' in 0.001000 s.
07:40:15:226 [ 6516] | INFO  | Successfully compiled 'C:\Users\Hiile\AppData\Roaming\Bloxshade\reshade-shaders\Shaders\dh_uber_motion.fx' in 0.004000 s.
07:40:15:226 [11020] | INFO  | Successfully compiled 'C:\Users\Hiile\AppData\Roaming\Bloxshade\reshade-shaders\Shaders\FakeHDR.fx' in 0.001000 s.
07:40:15:226 [ 7568] | INFO  | Successfully compiled 'C:\Users\Hiile\AppData\Roaming\Bloxshade\reshade-shaders\Shaders\SlowSharp.fx' in 0.001000 s.
07:40:15:226 [ 5672] | INFO  | Successfully compiled 'C:\Users\Hiile\AppData\Roaming\Bloxshade\reshade-shaders\Shaders\Glitch.fx' in 0.002000 s.
07:40:15:227 [10420] | INFO  | Successfully compiled 'C:\Users\Hiile\AppData\Roaming\Bloxshade\reshade-shaders\Shaders\UIDetect.fx' in 0.001000 s.
07:40:15:227 [10640] | INFO  | Successfully compiled 'C:\Users\Hiile\AppData\Roaming\Bloxshade\reshade-shaders\Shaders\AmbientLight.fx' in 0.005000 s.
07:40:15:228 [11440] | INFO  | Successfully compiled 'C:\Users\Hiile\AppData\Roaming\Bloxshade\reshade-shaders\Shaders\PD80_02_Cinetools_LUT.fx' in 0.003000 s.
07:40:15:228 [ 8876] | INFO  | Successfully compiled 'C:\Users\Hiile\AppData\Roaming\Bloxshade\reshade-shaders\Shaders\PD80_04_Contrast_Brightness_Saturation.fx' in 0.006000 s.
07:40:15:229 [10420] | INFO  | Successfully compiled 'C:\Users\Hiile\AppData\Roaming\Bloxshade\reshade-shaders\Shaders\UIMask.fx' in 0.001000 s.
07:40:15:229 [11024] | INFO  | Successfully compiled 'C:\Users\Hiile\AppData\Roaming\Bloxshade\reshade-shaders\Shaders\NFAA.fx' in 0.003000 s.
07:40:15:229 [10640] | INFO  | Successfully compiled 'C:\Users\Hiile\AppData\Roaming\Bloxshade\reshade-shaders\Shaders\AreaCopy.fx' in 0.001000 s.
07:40:15:229 [11020] | INFO  | Successfully compiled 'C:\Users\Hiile\AppData\Roaming\Bloxshade\reshade-shaders\Shaders\FakeMotionBlur.fx' in 0.002000 s.
07:40:15:230 [10420] | INFO  | Successfully compiled 'C:\Users\Hiile\AppData\Roaming\Bloxshade\reshade-shaders\Shaders\Vibrance.fx' in 0.001000 s.
07:40:15:231 [11412] | INFO  | Successfully compiled 'C:\Users\Hiile\AppData\Roaming\Bloxshade\reshade-shaders\Shaders\qUINT_bloom.fx' in 0.004000 s.
07:40:15:231 [11020] | INFO  | Successfully compiled 'C:\Users\Hiile\AppData\Roaming\Bloxshade\reshade-shaders\Shaders\fastBlur.fx' in 0.001000 s.
07:40:15:232 [10420] | INFO  | Successfully compiled 'C:\Users\Hiile\AppData\Roaming\Bloxshade\reshade-shaders\Shaders\Vignette.fx' in 0.001000 s.
07:40:15:232 [11440] | INFO  | Successfully compiled 'C:\Users\Hiile\AppData\Roaming\Bloxshade\reshade-shaders\Shaders\PD80_02_LUT_Creator.fx' in 0.001000 s.
07:40:15:233 [11020] | INFO  | Successfully compiled 'C:\Users\Hiile\AppData\Roaming\Bloxshade\reshade-shaders\Shaders\FastSharp.fx' in 0.001000 s.
07:40:15:234 [11412] | INFO  | Successfully compiled 'C:\Users\Hiile\AppData\Roaming\Bloxshade\reshade-shaders\Shaders\qUINT_deband.fx' in 0.002000 s.
07:40:15:234 [11020] | INFO  | Successfully compiled 'C:\Users\Hiile\AppData\Roaming\Bloxshade\reshade-shaders\Shaders\FilmGrain.fx' in 0.001000 s.
07:40:15:235 [ 8876] | INFO  | Successfully compiled 'C:\Users\Hiile\AppData\Roaming\Bloxshade\reshade-shaders\Shaders\PD80_04_Magical_Rectangle.fx' in 0.006000 s.
07:40:15:236 [11440] | INFO  | Successfully compiled 'C:\Users\Hiile\AppData\Roaming\Bloxshade\reshade-shaders\Shaders\PD80_03_Color_Space_Curves.fx' in 0.003000 s.
07:40:15:236 [ 7568] | INFO  | Successfully compiled 'C:\Users\Hiile\AppData\Roaming\Bloxshade\reshade-shaders\Shaders\SMAA.fx' in 0.008000 s.
07:40:15:236 [11020] | INFO  | Successfully compiled 'C:\Users\Hiile\AppData\Roaming\Bloxshade\reshade-shaders\Shaders\FilmGrain2.fx' in 0.001000 s.
07:40:15:236 [ 5672] | INFO  | Successfully compiled 'C:\Users\Hiile\AppData\Roaming\Bloxshade\reshade-shaders\Shaders\GloomAO.fx' in 0.009000 s.
07:40:15:236 [10420] | INFO  | Successfully compiled 'C:\Users\Hiile\AppData\Roaming\Bloxshade\reshade-shaders\Shaders\VirtualNose.fx' in 0.004000 s.
07:40:15:237 [10640] | INFO  | Successfully compiled 'C:\Users\Hiile\AppData\Roaming\Bloxshade\reshade-shaders\Shaders\AreaDiscard.fx' in 0.007000 s.
07:40:15:238 [ 8876] | INFO  | Successfully compiled 'C:\Users\Hiile\AppData\Roaming\Bloxshade\reshade-shaders\Shaders\PD80_04_Saturation_Limit.fx' in 0.002000 s.
07:40:15:238 [11440] | INFO  | Successfully compiled 'C:\Users\Hiile\AppData\Roaming\Bloxshade\reshade-shaders\Shaders\PD80_03_Curved_Levels.fx' in 0.002000 s.
07:40:15:238 [11020] | INFO  | Successfully compiled 'C:\Users\Hiile\AppData\Roaming\Bloxshade\reshade-shaders\Shaders\FilmicPass.fx' in 0.001000 s.
07:40:15:239 [10420] | INFO  | Successfully compiled 'C:\Users\Hiile\AppData\Roaming\Bloxshade\reshade-shaders\Shaders\Volumetric Fog V2.0.fx' in 0.002000 s.
07:40:15:239 [ 5672] | INFO  | Successfully compiled 'C:\Users\Hiile\AppData\Roaming\Bloxshade\reshade-shaders\Shaders\HighPassSharpen.fx' in 0.002000 s.
07:40:15:239 [10640] | INFO  | Successfully compiled 'C:\Users\Hiile\AppData\Roaming\Bloxshade\reshade-shaders\Shaders\ASCII.fx' in 0.002000 s.
07:40:15:240 [12012] | INFO  | Successfully compiled 'C:\Users\Hiile\AppData\Roaming\Bloxshade\reshade-shaders\Shaders\Depth_Cues.fx' in 0.014000 s.
07:40:15:240 [11024] | INFO  | Successfully compiled 'C:\Users\Hiile\AppData\Roaming\Bloxshade\reshade-shaders\Shaders\NGLighting.fx' in 0.010000 s.
07:40:15:240 [11440] | INFO  | Successfully compiled 'C:\Users\Hiile\AppData\Roaming\Bloxshade\reshade-shaders\Shaders\PD80_03_Filmic_Adaptation.fx' in 0.002000 s.
07:40:15:240 [ 7568] | INFO  | Successfully compiled 'C:\Users\Hiile\AppData\Roaming\Bloxshade\reshade-shaders\Shaders\Smart_Sharp.fx' in 0.004000 s.
07:40:15:241 [ 5672] | INFO  | Successfully compiled 'C:\Users\Hiile\AppData\Roaming\Bloxshade\reshade-shaders\Shaders\HoleFiller.fx' in 0.001000 s.
07:40:15:242 [11020] | INFO  | Successfully compiled 'C:\Users\Hiile\AppData\Roaming\Bloxshade\reshade-shaders\Shaders\FineSharp.fx' in 0.003000 s.
07:40:15:242 [ 8876] | INFO  | Successfully compiled 'C:\Users\Hiile\AppData\Roaming\Bloxshade\reshade-shaders\Shaders\PD80_04_Selective_Color.fx' in 0.003000 s.
07:40:15:242 [11412] | INFO  | Successfully compiled 'C:\Users\Hiile\AppData\Roaming\Bloxshade\reshade-shaders\Shaders\qUINT_dof.fx' in 0.007000 s.
07:40:15:242 [11440] | INFO  | Successfully compiled 'C:\Users\Hiile\AppData\Roaming\Bloxshade\reshade-shaders\Shaders\PD80_03_Levels.fx' in 0.001000 s.
07:40:15:242 [12012] | INFO  | Successfully compiled 'C:\Users\Hiile\AppData\Roaming\Bloxshade\reshade-shaders\Shaders\Depth_Tool.fx' in 0.002000 s.
07:40:15:243 [ 5672] | INFO  | Successfully compiled 'C:\Users\Hiile\AppData\Roaming\Bloxshade\reshade-shaders\Shaders\HQ4X.fx' in 0.002000 s.
07:40:15:244 [10420] | INFO  | Successfully compiled 'C:\Users\Hiile\AppData\Roaming\Bloxshade\reshade-shaders\Shaders\VolumetricFog.fx' in 0.002000 s.
07:40:15:244 [12012] | INFO  | Successfully compiled 'C:\Users\Hiile\AppData\Roaming\Bloxshade\reshade-shaders\Shaders\Detect_menus_and_videos_wrapper.fx' in 0.001000 s.
07:40:15:244 [10640] | INFO  | Successfully compiled 'C:\Users\Hiile\AppData\Roaming\Bloxshade\reshade-shaders\Shaders\Bloom.fx' in 0.004000 s.
07:40:15:244 [ 7568] | WARN  | Successfully compiled 'C:\Users\Hiile\AppData\Roaming\Bloxshade\reshade-shaders\Shaders\SnowScape.fx' in 0.003000 s with warnings:
C:\Users\Hiile\AppData\Roaming\Bloxshade\reshade-shaders\Shaders\SnowScape.fx(448, 1): error X3020: 'V__Normals_A': cannot sample from texture that is also used as render target in the same pass

07:40:15:245 [ 5672] | INFO  | Successfully compiled 'C:\Users\Hiile\AppData\Roaming\Bloxshade\reshade-shaders\Shaders\HSLShift.fx' in 0.002000 s.
07:40:15:246 [10420] | INFO  | Successfully compiled 'C:\Users\Hiile\AppData\Roaming\Bloxshade\reshade-shaders\Shaders\warpsharp.fx' in 0.002000 s.
07:40:15:246 [ 7568] | INFO  | Successfully compiled 'C:\Users\Hiile\AppData\Roaming\Bloxshade\reshade-shaders\Shaders\Splitscreen.fx' in 0.001000 s.
07:40:15:247 [ 5672] | INFO  | Successfully compiled 'C:\Users\Hiile\AppData\Roaming\Bloxshade\reshade-shaders\Shaders\Layer.fx' in 0.001000 s.
07:40:15:247 [12012] | INFO  | Successfully compiled 'C:\Users\Hiile\AppData\Roaming\Bloxshade\reshade-shaders\Shaders\dh_ahoh.fx' in 0.003000 s.
07:40:15:248 [ 7568] | INFO  | Successfully compiled 'C:\Users\Hiile\AppData\Roaming\Bloxshade\reshade-shaders\Shaders\StageDepth.fx' in 0.001000 s.
07:40:15:248 [11024] | INFO  | Successfully compiled 'C:\Users\Hiile\AppData\Roaming\Bloxshade\reshade-shaders\Shaders\NiceGuy_Lamps.fx' in 0.007000 s.
07:40:15:248 [ 5672] | INFO  | Successfully compiled 'C:\Users\Hiile\AppData\Roaming\Bloxshade\reshade-shaders\Shaders\Levels.fx' in 0.001000 s.
07:40:15:249 [11024] | INFO  | Successfully compiled 'C:\Users\Hiile\AppData\Roaming\Bloxshade\reshade-shaders\Shaders\NightVision.fx' in 0.001000 s.
07:40:15:250 [ 5672] | INFO  | Successfully compiled 'C:\Users\Hiile\AppData\Roaming\Bloxshade\reshade-shaders\Shaders\LevelsPlus.fx' in 0.001000 s.
07:40:15:250 [11020] | INFO  | Successfully compiled 'C:\Users\Hiile\AppData\Roaming\Bloxshade\reshade-shaders\Shaders\Flair.fx' in 0.008000 s.
07:40:15:250 [11412] | INFO  | Successfully compiled 'C:\Users\Hiile\AppData\Roaming\Bloxshade\reshade-shaders\Shaders\qUINT_lightroom.fx' in 0.008000 s.
07:40:15:250 [12012] | INFO  | Successfully compiled 'C:\Users\Hiile\AppData\Roaming\Bloxshade\reshade-shaders\Shaders\dh_ambient_remove.fx' in 0.003000 s.
07:40:15:250 [10640] | INFO  | Successfully compiled 'C:\Users\Hiile\AppData\Roaming\Bloxshade\reshade-shaders\Shaders\BloomingHDR.fx' in 0.006000 s.
07:40:15:251 [ 5672] | INFO  | Successfully compiled 'C:\Users\Hiile\AppData\Roaming\Bloxshade\reshade-shaders\Shaders\LiftGammaGain.fx' in 0.001000 s.
07:40:15:252 [11440] | INFO  | Successfully compiled 'C:\Users\Hiile\AppData\Roaming\Bloxshade\reshade-shaders\Shaders\PD80_03_Shadows_Midtones_Highlights.fx' in 0.007000 s.
07:40:15:252 [10640] | INFO  | Successfully compiled 'C:\Users\Hiile\AppData\Roaming\Bloxshade\reshade-shaders\Shaders\Border.fx' in 0.001000 s.
07:40:15:252 [ 8876] | INFO  | Successfully compiled 'C:\Users\Hiile\AppData\Roaming\Bloxshade\reshade-shaders\Shaders\PD80_04_Selective_Color_v2.fx' in 0.009000 s.
07:40:15:253 [11024] | INFO  | Successfully compiled 'C:\Users\Hiile\AppData\Roaming\Bloxshade\reshade-shaders\Shaders\Nostalgia.fx' in 0.003000 s.
07:40:15:253 [ 6516] | WARN  | Successfully compiled 'C:\Users\Hiile\AppData\Roaming\Bloxshade\reshade-shaders\Shaders\dh_uber_rt.fx' in 0.027000 s with warnings:
C:\Users\Hiile\AppData\Roaming\Bloxshade\reshade-shaders\Shaders\dh_uber_rt.fx(3397, 1): error X3020: 'V__DH_UBER_RT_0206__reinhardTex': cannot sample from texture that is also used as render target in the same pass

07:40:15:253 [10640] | INFO  | Successfully compiled 'C:\Users\Hiile\AppData\Roaming\Bloxshade\reshade-shaders\Shaders\Cartoon.fx' in 0.001000 s.
07:40:15:254 [ 8876] | INFO  | Successfully compiled 'C:\Users\Hiile\AppData\Roaming\Bloxshade\reshade-shaders\Shaders\PD80_04_Technicolor.fx' in 0.001000 s.
07:40:15:254 [10640] | INFO  | Successfully compiled 'C:\Users\Hiile\AppData\Roaming\Bloxshade\reshade-shaders\Shaders\CAS.fx' in 0.001000 s.
07:40:15:255 [11412] | INFO  | Successfully compiled 'C:\Users\Hiile\AppData\Roaming\Bloxshade\reshade-shaders\Shaders\qUINT_mxao.fx' in 0.004000 s.
07:40:15:255 [11024] | INFO  | Successfully compiled 'C:\Users\Hiile\AppData\Roaming\Bloxshade\reshade-shaders\Shaders\PD80_01A_RT_Correct_Contrast.fx' in 0.002000 s.
07:40:15:255 [11440] | INFO  | Successfully compiled 'C:\Users\Hiile\AppData\Roaming\Bloxshade\reshade-shaders\Shaders\PD80_04_BlacknWhite.fx' in 0.003000 s.
07:40:15:255 [10640] | INFO  | Successfully compiled 'C:\Users\Hiile\AppData\Roaming\Bloxshade\reshade-shaders\Shaders\ChromaticAberration.fx' in 0.000000 s.
07:40:15:256 [ 6516] | INFO  | Successfully compiled 'C:\Users\Hiile\AppData\Roaming\Bloxshade\reshade-shaders\Shaders\DH_UI_TextDetect.fx' in 0.002000 s.
07:40:15:256 [12012] | INFO  | Successfully compiled 'C:\Users\Hiile\AppData\Roaming\Bloxshade\reshade-shaders\Shaders\dh_anime.fx' in 0.005000 s.
07:40:15:256 [ 8876] | INFO  | Successfully compiled 'C:\Users\Hiile\AppData\Roaming\Bloxshade\reshade-shaders\Shaders\PD80_05_Sharpening.fx' in 0.002000 s.
07:40:15:256 [11412] | INFO  | Successfully compiled 'C:\Users\Hiile\AppData\Roaming\Bloxshade\reshade-shaders\Shaders\qUINT_sharp.fx' in 0.001000 s.
07:40:15:257 [11440] | INFO  | Successfully compiled 'C:\Users\Hiile\AppData\Roaming\Bloxshade\reshade-shaders\Shaders\PD80_04_Color_Balance.fx' in 0.001000 s.
07:40:15:257 [ 6516] | INFO  | Successfully compiled 'C:\Users\Hiile\AppData\Roaming\Bloxshade\reshade-shaders\Shaders\dh_undither.fx' in 0.001000 s.
07:40:15:258 [ 8876] | INFO  | Successfully compiled 'C:\Users\Hiile\AppData\Roaming\Bloxshade\reshade-shaders\Shaders\PD80_06_Chromatic_Aberration.fx' in 0.001000 s.
07:40:15:259 [ 6516] | INFO  | Successfully compiled 'C:\Users\Hiile\AppData\Roaming\Bloxshade\reshade-shaders\Shaders\dh_uniformity_correction.fx' in 0.001000 s.
07:40:15:259 [11024] | INFO  | Successfully compiled 'C:\Users\Hiile\AppData\Roaming\Bloxshade\reshade-shaders\Shaders\PD80_01B_RT_Correct_Color.fx' in 0.003000 s.
07:40:15:260 [11412] | INFO  | Successfully compiled 'C:\Users\Hiile\AppData\Roaming\Bloxshade\reshade-shaders\Shaders\qUINT_ssr.fx' in 0.003000 s.
07:40:15:260 [10640] | INFO  | Successfully compiled 'C:\Users\Hiile\AppData\Roaming\Bloxshade\reshade-shaders\Shaders\Clarity.fx' in 0.004000 s.
07:40:15:261 [11440] | INFO  | Successfully compiled 'C:\Users\Hiile\AppData\Roaming\Bloxshade\reshade-shaders\Shaders\PD80_04_Color_Gradients.fx' in 0.003000 s.
07:40:15:261 [ 8876] | INFO  | Successfully compiled 'C:\Users\Hiile\AppData\Roaming\Bloxshade\reshade-shaders\Shaders\PD80_06_Depth_Slicer.fx' in 0.002000 s.
07:40:15:261 [ 6516] | INFO  | Successfully compiled 'C:\Users\Hiile\AppData\Roaming\Bloxshade\reshade-shaders\Shaders\Dimension_Plus.fx' in 0.002000 s.
07:40:15:263 [ 6516] | INFO  | Successfully compiled 'C:\Users\Hiile\AppData\Roaming\Bloxshade\reshade-shaders\Shaders\DisplayDepth.fx' in 0.001000 s.
07:40:15:264 [ 8876] | INFO  | Successfully compiled 'C:\Users\Hiile\AppData\Roaming\Bloxshade\reshade-shaders\Shaders\PD80_06_Film_Grain.fx' in 0.002000 s.
07:40:15:265 [ 6516] | INFO  | Successfully compiled 'C:\Users\Hiile\AppData\Roaming\Bloxshade\reshade-shaders\Shaders\DLAA_Plus.fx' in 0.001000 s.
07:40:15:265 [ 8876] | INFO  | Successfully compiled 'C:\Users\Hiile\AppData\Roaming\Bloxshade\reshade-shaders\Shaders\PD80_06_Luma_Fade.fx' in 0.001000 s.
07:40:15:270 [11412] | WARN  | Successfully compiled 'C:\Users\Hiile\AppData\Roaming\Bloxshade\reshade-shaders\Shaders\RadiantGI.fx' in 0.010000 s with warnings:
C:\Users\Hiile\AppData\Roaming\Bloxshade\reshade-shaders\Shaders\RadiantGI.fx(305, 1): error X3020: 'V__PCGIcurrColorTex': cannot sample from texture that is also used as render target in the same pass

07:40:15:273 [ 7568] | WARN  | Successfully compiled 'C:\Users\Hiile\AppData\Roaming\Bloxshade\reshade-shaders\Shaders\SuperDepth3D.fx' in 0.025000 s with warnings:
C:\Users\Hiile\AppData\Roaming\Bloxshade\reshade-shaders\Shaders\SuperDepth3D.fx(625, 35): warning X3206: implicit truncation of vector type

07:40:15:275 [ 7568] | INFO  | Successfully compiled 'C:\Users\Hiile\AppData\Roaming\Bloxshade\reshade-shaders\Shaders\SurfaceBlur.fx' in 0.001000 s.
07:41:47:233 [11532] | INFO  | Resizing image data for texture 'V__lensDBTex' from 1024x576 to 1920x1080.
07:41:47:253 [11532] | INFO  | Resizing image data for texture 'V__lensDB2Tex' from 1024x576 to 1920x1080.
07:42:09:869 [11532] | INFO  | Resizing image data for texture 'V__tMagicBloom_Dirt' from 1024x576 to 1920x1080.
07:47:10:465 [11532] | INFO  | Destroyed runtime environment on runtime 000002546A552A80 ('C:\Users\Hiile\AppData\Roaming\Bloxshade\ReShade.ini').
07:47:10:471 [11532] | INFO  | Unregistered add-on "Bloxshade_ReShade".
07:47:10:471 [11532] | INFO  | Exiting ...
07:47:10:471 [11532] | INFO  | Uninstalling 35 hook(s) ...
07:47:11:486 [11532] | INFO  | Finished exiting.
